0 info it worked if it ends with ok
1 verbose cli [ '/usr/bin/node', '/usr/bin/npm', 'publish' ]
2 info using npm@1.3.24
3 info using node@v0.10.25
4 verbose node symlink /usr/bin/node
5 verbose publish [ '.' ]
6 verbose cache add [ '.', null ]
7 verbose cache add name=undefined spec="." args=[".",null]
8 verbose parsed url { protocol: null,
8 verbose parsed url   slashes: null,
8 verbose parsed url   auth: null,
8 verbose parsed url   host: null,
8 verbose parsed url   port: null,
8 verbose parsed url   hostname: null,
8 verbose parsed url   hash: null,
8 verbose parsed url   search: null,
8 verbose parsed url   query: null,
8 verbose parsed url   pathname: '.',
8 verbose parsed url   path: '.',
8 verbose parsed url   href: '.' }
9 silly lockFile 3a52ce78- .
10 verbose lock . /home/muzk/.npm/3a52ce78-.lock
11 verbose tar pack [ '/home/muzk/tmp/npm-6909-80oDjqIz/1410965686739-0.4190530872438103/tmp.tgz',
11 verbose tar pack   '.' ]
12 verbose tarball /home/muzk/tmp/npm-6909-80oDjqIz/1410965686739-0.4190530872438103/tmp.tgz
13 verbose folder .
14 info prepublish mongoose-observer@0.1.0
15 silly lockFile 1f1177db-tar tar://.
16 verbose lock tar://. /home/muzk/.npm/1f1177db-tar.lock
17 silly lockFile 0a704cbc-86739-0-4190530872438103-tmp-tgz tar:///home/muzk/tmp/npm-6909-80oDjqIz/1410965686739-0.4190530872438103/tmp.tgz
18 verbose lock tar:///home/muzk/tmp/npm-6909-80oDjqIz/1410965686739-0.4190530872438103/tmp.tgz /home/muzk/.npm/0a704cbc-86739-0-4190530872438103-tmp-tgz.lock
19 silly lockFile 1f1177db-tar tar://.
20 silly lockFile 1f1177db-tar tar://.
21 silly lockFile 0a704cbc-86739-0-4190530872438103-tmp-tgz tar:///home/muzk/tmp/npm-6909-80oDjqIz/1410965686739-0.4190530872438103/tmp.tgz
22 silly lockFile 0a704cbc-86739-0-4190530872438103-tmp-tgz tar:///home/muzk/tmp/npm-6909-80oDjqIz/1410965686739-0.4190530872438103/tmp.tgz
23 verbose tar unpack /home/muzk/tmp/npm-6909-80oDjqIz/1410965686739-0.4190530872438103/tmp.tgz
24 silly lockFile 691d6a6f-86739-0-4190530872438103-package tar:///home/muzk/tmp/npm-6909-80oDjqIz/1410965686739-0.4190530872438103/package
25 verbose lock tar:///home/muzk/tmp/npm-6909-80oDjqIz/1410965686739-0.4190530872438103/package /home/muzk/.npm/691d6a6f-86739-0-4190530872438103-package.lock
26 silly lockFile 0a704cbc-86739-0-4190530872438103-tmp-tgz tar:///home/muzk/tmp/npm-6909-80oDjqIz/1410965686739-0.4190530872438103/tmp.tgz
27 verbose lock tar:///home/muzk/tmp/npm-6909-80oDjqIz/1410965686739-0.4190530872438103/tmp.tgz /home/muzk/.npm/0a704cbc-86739-0-4190530872438103-tmp-tgz.lock
28 silly gunzTarPerm modes [ '755', '644' ]
29 silly gunzTarPerm extractEntry package.json
30 silly gunzTarPerm modified mode [ 'package.json', 436, 420 ]
31 silly gunzTarPerm extractEntry .npmignore
32 silly gunzTarPerm modified mode [ '.npmignore', 436, 420 ]
33 silly gunzTarPerm extractEntry README.md
34 silly gunzTarPerm modified mode [ 'README.md', 436, 420 ]
35 silly gunzTarPerm extractEntry index.js
36 silly gunzTarPerm modified mode [ 'index.js', 436, 420 ]
37 silly gunzTarPerm extractEntry LICENSE-MIT
38 silly gunzTarPerm modified mode [ 'LICENSE-MIT', 436, 420 ]
39 silly gunzTarPerm extractEntry Makefile
40 silly gunzTarPerm modified mode [ 'Makefile', 436, 420 ]
41 silly gunzTarPerm extractEntry test/index.js
42 silly gunzTarPerm modified mode [ 'test/index.js', 436, 420 ]
43 silly lockFile 691d6a6f-86739-0-4190530872438103-package tar:///home/muzk/tmp/npm-6909-80oDjqIz/1410965686739-0.4190530872438103/package
44 silly lockFile 691d6a6f-86739-0-4190530872438103-package tar:///home/muzk/tmp/npm-6909-80oDjqIz/1410965686739-0.4190530872438103/package
45 silly lockFile 0a704cbc-86739-0-4190530872438103-tmp-tgz tar:///home/muzk/tmp/npm-6909-80oDjqIz/1410965686739-0.4190530872438103/tmp.tgz
46 silly lockFile 0a704cbc-86739-0-4190530872438103-tmp-tgz tar:///home/muzk/tmp/npm-6909-80oDjqIz/1410965686739-0.4190530872438103/tmp.tgz
47 verbose tar pack [ '/home/muzk/.npm/mongoose-observer/0.1.0/package.tgz',
47 verbose tar pack   '/home/muzk/tmp/npm-6909-80oDjqIz/1410965686739-0.4190530872438103/package' ]
48 verbose tarball /home/muzk/.npm/mongoose-observer/0.1.0/package.tgz
49 verbose folder /home/muzk/tmp/npm-6909-80oDjqIz/1410965686739-0.4190530872438103/package
50 silly lockFile 691d6a6f-86739-0-4190530872438103-package tar:///home/muzk/tmp/npm-6909-80oDjqIz/1410965686739-0.4190530872438103/package
51 verbose lock tar:///home/muzk/tmp/npm-6909-80oDjqIz/1410965686739-0.4190530872438103/package /home/muzk/.npm/691d6a6f-86739-0-4190530872438103-package.lock
52 silly lockFile 647baac5-goose-observer-0-1-0-package-tgz tar:///home/muzk/.npm/mongoose-observer/0.1.0/package.tgz
53 verbose lock tar:///home/muzk/.npm/mongoose-observer/0.1.0/package.tgz /home/muzk/.npm/647baac5-goose-observer-0-1-0-package-tgz.lock
54 silly lockFile 691d6a6f-86739-0-4190530872438103-package tar:///home/muzk/tmp/npm-6909-80oDjqIz/1410965686739-0.4190530872438103/package
55 silly lockFile 691d6a6f-86739-0-4190530872438103-package tar:///home/muzk/tmp/npm-6909-80oDjqIz/1410965686739-0.4190530872438103/package
56 silly lockFile 647baac5-goose-observer-0-1-0-package-tgz tar:///home/muzk/.npm/mongoose-observer/0.1.0/package.tgz
57 silly lockFile 647baac5-goose-observer-0-1-0-package-tgz tar:///home/muzk/.npm/mongoose-observer/0.1.0/package.tgz
58 silly lockFile b99744a4--mongoose-observer-0-1-0-package /home/muzk/.npm/mongoose-observer/0.1.0/package
59 verbose lock /home/muzk/.npm/mongoose-observer/0.1.0/package /home/muzk/.npm/b99744a4--mongoose-observer-0-1-0-package.lock
60 silly lockFile b99744a4--mongoose-observer-0-1-0-package /home/muzk/.npm/mongoose-observer/0.1.0/package
61 silly lockFile b99744a4--mongoose-observer-0-1-0-package /home/muzk/.npm/mongoose-observer/0.1.0/package
62 verbose tar unpack /home/muzk/.npm/mongoose-observer/0.1.0/package.tgz
63 silly lockFile 91f30c4f--mongoose-observer-0-1-0-package tar:///home/muzk/.npm/mongoose-observer/0.1.0/package
64 verbose lock tar:///home/muzk/.npm/mongoose-observer/0.1.0/package /home/muzk/.npm/91f30c4f--mongoose-observer-0-1-0-package.lock
65 silly lockFile 647baac5-goose-observer-0-1-0-package-tgz tar:///home/muzk/.npm/mongoose-observer/0.1.0/package.tgz
66 verbose lock tar:///home/muzk/.npm/mongoose-observer/0.1.0/package.tgz /home/muzk/.npm/647baac5-goose-observer-0-1-0-package-tgz.lock
67 silly gunzTarPerm modes [ '755', '644' ]
68 silly gunzTarPerm extractEntry package.json
69 silly gunzTarPerm extractEntry .npmignore
70 silly gunzTarPerm extractEntry README.md
71 silly gunzTarPerm extractEntry index.js
72 silly gunzTarPerm extractEntry LICENSE-MIT
73 silly gunzTarPerm extractEntry Makefile
74 silly gunzTarPerm extractEntry test/index.js
75 silly lockFile 91f30c4f--mongoose-observer-0-1-0-package tar:///home/muzk/.npm/mongoose-observer/0.1.0/package
76 silly lockFile 91f30c4f--mongoose-observer-0-1-0-package tar:///home/muzk/.npm/mongoose-observer/0.1.0/package
77 silly lockFile 647baac5-goose-observer-0-1-0-package-tgz tar:///home/muzk/.npm/mongoose-observer/0.1.0/package.tgz
78 silly lockFile 647baac5-goose-observer-0-1-0-package-tgz tar:///home/muzk/.npm/mongoose-observer/0.1.0/package.tgz
79 verbose chmod /home/muzk/.npm/mongoose-observer/0.1.0/package.tgz 644
80 verbose chown /home/muzk/.npm/mongoose-observer/0.1.0/package.tgz [ 0, 0 ]
81 silly lockFile 3a52ce78- .
82 silly lockFile 3a52ce78- .
83 silly publish { name: 'mongoose-observer',
83 silly publish   version: '0.1.0',
83 silly publish   description: 'A small library providing observable changes to mongoose models',
83 silly publish   main: 'index.js',
83 silly publish   scripts: { test: 'make test' },
83 silly publish   repository:
83 silly publish    { type: 'git',
83 silly publish      url: 'git://github.com/muZk/mongoose-observer.git' },
83 silly publish   keywords: [ 'mongoose', 'model' ],
83 silly publish   author: { name: 'Nicolás Gómez', email: 'ngomez@hasu.cl' },
83 silly publish   licenses:
83 silly publish    [ { type: 'MIT',
83 silly publish        url: 'https://github.com/muZk/mongoose-observer/blob/master/LICENSE-MIT' } ],
83 silly publish   bugs: { url: 'https://github.com/muZk/mongoose-observer/issues' },
83 silly publish   devDependencies:
83 silly publish    { mocha: '~1.21.3',
83 silly publish      underscore: '~1.7.0',
83 silly publish      mongoose: 'latest',
83 silly publish      should: '*' },
83 silly publish   readme: 'MongooseObserver\n=========\n\nA small library that provides methods to listen changes in mongoose models.\n\n## Installation\n\n```shell\n  npm install mongoose-observer\n```\n\n## Usage\n\nIn order to use this library, you have to create and register a model using mongoose. After that, you can\nregister listeners to create and update events using the following API:\n\n```js\n    mongooseObserver.register(modelName, event, callback)\n```\n\nExample:\n\n```js\n  var mongooseObserver = require(\'model-observer\')\n  \n  mongooseObserver.register(\'User\', \'create\', function(createdUser){\n    // this callback will be executed when a new user is created\n    // Do something here, for example, send a email to the created user\n  });\n\n  mongooseObserver.register(\'User\', \'update\', function(updatedUser){\n    // this callback will be executed when a User record is updated\n    // Do something here, for example, emit changes to client via socket.io\n  });\n\n```\n\n## Tests\n\n  npm test\n\n## Contributing\n\nAdd unit tests for any new or changed functionality. Lint and test your code.\n\n## Release History\n\n* 0.1.0 Initial release',
83 silly publish   readmeFilename: 'README.md',
83 silly publish   homepage: 'https://github.com/muZk/mongoose-observer',
83 silly publish   _id: 'mongoose-observer@0.1.0',
83 silly publish   dist: { shasum: '7272d2ddd6a58fbb8a16cc0324d370b286ab13dd' },
83 silly publish   _from: '.' }
84 verbose url raw mongoose-observer
85 verbose url resolving [ 'https://registry.npmjs.org/', './mongoose-observer' ]
86 verbose url resolved https://registry.npmjs.org/mongoose-observer
87 info trying registry request attempt 1 at 11:54:46
88 http PUT https://registry.npmjs.org/mongoose-observer
89 http 403 https://registry.npmjs.org/mongoose-observer
90 info trying registry request attempt 1 at 11:54:48
91 http PUT https://registry.npmjs.org/mongoose-observer
92 http 403 https://registry.npmjs.org/mongoose-observer
93 error publish Failed PUT 403
94 error Error: forbidden cannot modify pre-existing version: 0.1.0
94 error old={"name":"mongoose-observer","version":"0.1.0","description":"A small library providing observable changes to mongoose models","main":"index.js","scripts":{"test":"make test"},"repository":{"type":"git","url":"git://github.com/muZk/mongoose-observer.git"},"keywords":["mongoose","model"],"author":{"name":"Nicolás Gómez","email":"ngomez@hasu.cl"},"licenses":[{"type":"MIT","url":"https://github.com/muZk/mongoose-observer/blob/master/LICENSE-MIT"}],"bugs":{"url":"https://github.com/muZk/mongoose-observer/issues"},"devDependencies":{"mocha":"~1.21.3","underscore":"~1.7.0","mongoose":"latest","should":"*"},"homepage":"https://github.com/muZk/mongoose-observer","_id":"mongoose-observer@0.1.0","dist":{"shasum":"c64c771bff561388f4e73dc118b35956975077b0","tarball":"http://registry.npmjs.org/mongoose-observer/-/mongoose-observer-0.1.0.tgz"},"_from":".","_npmVersion":"1.3.24","_npmUser":{"name":"muzk","email":"neeco.gmz@gmail.com"},"maintainers":[{"name":"muzk","email":"neeco.gmz@gmail.com"}]}
94 error new={"name":"mongoose-observer","version":"0.1.0","description":"A small library providing observable changes to mongoose models","main":"index.js","scripts":{"test":"make test"},"repository":{"type":"git","url":"git://github.com/muZk/mongoose-observer.git"},"keywords":["mongoose","model"],"author":{"name":"Nicolás Gómez","email":"ngomez@hasu.cl"},"licenses":[{"type":"MIT","url":"https://github.com/muZk/mongoose-observer/blob/master/LICENSE-MIT"}],"bugs":{"url":"https://github.com/muZk/mongoose-observer/issues"},"devDependencies":{"mocha":"~1.21.3","underscore":"~1.7.0","mongoose":"latest","should":"*"},"readme":"MongooseObserver\u000a=========\u000a\u000aA small library that provides methods to listen changes in mongoose models.\u000a\u000a## Installation\u000a\u000a```shell\u000a  npm install mongoose-observer\u000a```\u000a\u000a## Usage\u000a\u000aIn order to use this library, you have to create and register a model using mongoose. After that, you can\u000aregister listeners to create and update events using the following API:\u000a\u000a```js\u000a    mongooseObserver.register(modelName, event, callback)\u000a```\u000a\u000aExample:\u000a\u000a```js\u000a  var mongooseObserver = require('model-observer')\u000a  \u000a  mongooseObserver.register('User', 'create', function(createdUser){\u000a    // this callback will be executed when a new user is created\u000a    // Do something here, for example, send a email to the created user\u000a  });\u000a\u000a  mongooseObserver.register('User', 'update', function(updatedUser){\u000a    // this callback will be executed when a User record is updated\u000a    // Do something here, for example, emit changes to client via socket.io\u000a  });\u000a\u000a```\u000a\u000a## Tests\u000a\u000a  npm test\u000a\u000a## Contributing\u000a\u000aAdd unit tests for any new or changed functionality. Lint and test your code.\u000a\u000a## Release History\u000a\u000a* 0.1.0 Initial release","readmeFilename":"README.md","homepage":"https://github.com/muZk/mongoose-observer","_id":"mongoose-observer@0.1.0","dist":{"shasum":"7272d2ddd6a58fbb8a16cc0324d370b286ab13dd","tarball":"http://registry.npmjs.org/mongoose-observer/-/mongoose-observer-0.1.0.tgz"},"_from":".","_npmVersion":"1.3.24","_npmUser":{"name":"muzk","email":"neeco.gmz@gmail.com"},"maintainers":[{"name":"muzk","email":"neeco.gmz@gmail.com"}]}: mongoose-observer
94 error     at RegClient.<anonymous> (/usr/lib/node_modules/npm/node_modules/npm-registry-client/lib/request.js:275:14)
94 error     at Request.self.callback (/usr/lib/node_modules/npm/node_modules/request/request.js:123:22)
94 error     at Request.EventEmitter.emit (events.js:98:17)
94 error     at Request.<anonymous> (/usr/lib/node_modules/npm/node_modules/request/request.js:893:14)
94 error     at Request.EventEmitter.emit (events.js:117:20)
94 error     at IncomingMessage.<anonymous> (/usr/lib/node_modules/npm/node_modules/request/request.js:844:12)
94 error     at IncomingMessage.EventEmitter.emit (events.js:117:20)
94 error     at _stream_readable.js:920:16
94 error     at process._tickCallback (node.js:415:13)
95 error If you need help, you may report this *entire* log,
95 error including the npm and node versions, at:
95 error     <http://github.com/isaacs/npm/issues>
96 error System Linux 3.5.0-45-generic
97 error command "/usr/bin/node" "/usr/bin/npm" "publish"
98 error cwd /home/muzk/Code/amacromo/model-observer
99 error node -v v0.10.25
100 error npm -v 1.3.24
101 verbose exit [ 1, true ]
